Performing C++ SOURCE FILE Test HAVE_ISO_STRDUP failed with the following output:
Change Dir: /Users/mmasniy/Desktop/utag/cmake-build-debug/CMakeFiles/CMakeTmp

Run Build Command(s):/usr/bin/make cmTC_eb8d0/fast && /Library/Developer/CommandLineTools/usr/bin/make  -f CMakeFiles/cmTC_eb8d0.dir/build.make CMakeFiles/cmTC_eb8d0.dir/build
Building CXX object CMakeFiles/cmTC_eb8d0.dir/src.cxx.o
/Library/Developer/CommandLineTools/usr/bin/c++    -DHAVE_ISO_STRDUP -isysroot /Library/Developer/CommandLineTools/SDKs/MacOSX10.14.sdk   -o CMakeFiles/cmTC_eb8d0.dir/src.cxx.o -c /Users/mmasniy/Desktop/utag/cmake-build-debug/CMakeFiles/CMakeTmp/src.cxx
/Users/mmasniy/Desktop/utag/cmake-build-debug/CMakeFiles/CMakeTmp/src.cxx:4:5: error: use of undeclared identifier '_strdup'; did you mean 'strdup'?
    _strdup(0);
    ^~~~~~~
    strdup
/Library/Developer/CommandLineTools/SDKs/MacOSX10.14.sdk/usr/include/string.h:117:7: note: 'strdup' declared here
char    *strdup(const char *__s1);
         ^
1 error generated.
make[1]: *** [CMakeFiles/cmTC_eb8d0.dir/src.cxx.o] Error 1
make: *** [cmTC_eb8d0/fast] Error 2


Source file was:

  #include <cstring>
  int main() {
    _strdup(0);
    return 0;
  }

Determining if the function __RTTI___ exists in the Crun failed with the following output:
Change Dir: /Users/mmasniy/Desktop/utag/cmake-build-debug/CMakeFiles/CMakeTmp

Run Build Command(s):/usr/bin/make cmTC_5dabd/fast && /Library/Developer/CommandLineTools/usr/bin/make  -f CMakeFiles/cmTC_5dabd.dir/build.make CMakeFiles/cmTC_5dabd.dir/build
Building C object CMakeFiles/cmTC_5dabd.dir/CheckFunctionExists.c.o
/Library/Developer/CommandLineTools/usr/bin/cc   -DCHECK_FUNCTION_EXISTS=__RTTI___ -isysroot /Library/Developer/CommandLineTools/SDKs/MacOSX10.14.sdk   -o CMakeFiles/cmTC_5dabd.dir/CheckFunctionExists.c.o   -c /Users/mmasniy/Desktop/CLion.app/Contents/bin/cmake/mac/share/cmake-3.17/Modules/CheckFunctionExists.c
Linking C executable cmTC_5dabd
/Users/mmasniy/Desktop/CLion.app/Contents/bin/cmake/mac/bin/cmake -E cmake_link_script CMakeFiles/cmTC_5dabd.dir/link.txt --verbose=1
/Library/Developer/CommandLineTools/usr/bin/cc  -DCHECK_FUNCTION_EXISTS=__RTTI___ -isysroot /Library/Developer/CommandLineTools/SDKs/MacOSX10.14.sdk -Wl,-search_paths_first -Wl,-headerpad_max_install_names   CMakeFiles/cmTC_5dabd.dir/CheckFunctionExists.c.o  -o cmTC_5dabd  -lCrun 
ld: library not found for -lCrun
clang: error: linker command failed with exit code 1 (use -v to see invocation)
make[1]: *** [cmTC_5dabd] Error 1
make: *** [cmTC_5dabd/fast] Error 2



